<?xml version="1.0" encoding="UTF-8"?>
<!-- Generated by org.testng.reporters.JUnitReportReporter -->
<testsuite hostname="LAPTOP-LUUND0DS" failures="0" tests="1" name="com.hrms.Testscripts.TC001$tc001" time="3.248" errors="0" timestamp="26 Jul 2021 08:56:10 GMT">
  <testcase classname="com.hrms.Testscripts.TC001$tc001" name="tc001" time="3.248"/>
</testsuite> <!-- com.hrms.Testscripts.TC001$tc001 -->
