<?xml version="1.0" encoding="UTF-8"?>
<!-- Generated by org.testng.reporters.JUnitReportReporter -->
<testsuite hostname="LAPTOP-LUUND0DS" failures="0" tests="1" name="com.hrms.Testscripts.TC003$tc003" time="5.036" errors="0" timestamp="19 Jul 2021 04:01:16 GMT">
  <testcase classname="com.hrms.Testscripts.TC003$tc003" name="tc003" time="5.036"/>
</testsuite> <!-- com.hrms.Testscripts.TC003$tc003 -->
