<?xml version="1.0" encoding="UTF-8"?>
<!-- Generated by org.testng.reporters.JUnitReportReporter -->
<testsuite hostname="LAPTOP-LUUND0DS" failures="0" tests="1" name="com.hrms.Testscripts.TC002$tc002" time="6.363" errors="0" timestamp="26 Jul 2021 08:56:10 GMT">
  <testcase classname="com.hrms.Testscripts.TC002$tc002" name="tc002" time="6.363"/>
</testsuite> <!-- com.hrms.Testscripts.TC002$tc002 -->
